(TOP (S (NP (JJ The) (NN flight)) (VP (MD should) (VP (VB be) (NP (NP* (CD eleven) (RB a.m)) (NN tomorrow))))) (PUNC .))
(TOP (S (S* (S (INTJ_UH I) (VP (MD would) (VP (VP* (VP* (VB like) (NP_PRP it)) (X_TO to)) (VP (VBP have) (NP (NP* (NP (DT a) (NN stop)) (PP (IN in) (NP_NNP New))) (NN York)))))) (CC and)) (VP (MD I) (VP (MD would) (VP (VB like) (NP (NP (DT a) (NN flight)) (SBAR (WHNP_WDT that) (S_VP (VBZ serves) (ADVP_RB breakfast)))))))) (PUNC .))
(TOP (S_VP (VP* (VBP Which) (PP (IN of) (NP_DT these))) (VP (VB serve) (NP_NN dinner))) (PUNC ?))
(TOP (SBARQ (WHNP (WDT Which) (NNS ones)) (SQ_VP (VBP stop) (PP (IN in) (NP_NNP Nashville)))) (PUNC ?))
(TOP (SQ (VBP Are) (SQ* (NP_NP_EX there) (SQ* (NP (DT any) (NNS flights)) (VP (VBG arriving) (PP (IN after) (NP (CD eleven) (RB a.m))))))) (PUNC ?))
(TOP (SBARQ (WHNP_WHNP (WDT What) (NNS flights)) (SQ (VBP do) (SQ* (NP_PRP you) (VP (VBP have) (PP (IN from) (NP_NNP Ontario)))))) (PUNC ?))
(TOP (SBARQ (WHADVP_WRB Where) (SQ (VBZ does) (SQ* (NP (DT this) (NN flight)) (VP_VB stop)))) (PUNC ?))
(TOP (SBARQ (WHNP (WHNP (WDT What) (NN type)) (PP (IN of) (NP_NN aircraft))) (SQ (VBZ is) (NP (NP* (NP (NNP Alaska) (POS ''s)) (NN flight)) (QP (QP* (CD two) (CD eighty)) (CD two))))) (PUNC ?))
(TOP (S_VP (VB Does) (NP (NP* (NP* (DT the) (JJ other)) (SYM American)) (NN flight))) (PUNC ?))
(TOP (S (INTJ_UH I) (VP (MD ''d) (VP (VB like) (S_VP (TO to) (VP (VP* (VB fly) (PP (IN from) (NP_NNP Tampa))) (PP (TO to) (NP_NNP Montreal))))))) (PUNC .))
(TOP (SBARQ (WHADVP_WRB On) (SQ (VBP Tuesday) (SQ* (NP_PRP I) (VP (MD ''d) (VP (VB like) (S_VP (TO to) (VP (VP* (VB fly) (PP (IN from) (NP_NNP Detroit))) (PP (TO to) (NP (JJ Saint) (NN Petersburg)))))))))) (PUNC .))
(TOP (SQ (VBP Flight) (SQ* (PP (IN from) (NP (NP* (JJS Long) (JJ Beach)) (PP (TO to) (NP_NNP Columbus)))) (PP (IN on) (NP (CD twenty) (RB seventh))))) (PUNC .))
(TOP (SBARQ (WHNP (WDT Which) (NNS ones)) (SQ_VP (VBP leave) (PP (IN in) (NP (DT the) (NN morning))))) (PUNC ?))
(TOP (S_VP (VP* (VBP Which) (PP (IN of) (NP (DT these) (NNS flights)))) (VP (VB serve) (NP_NN dinner))) (PUNC ?))

(TOP (S_VP (VP* (VB Show) (NP_PRP me)) (NP (NP* (NP (NP* (NP (NP* (PDT all) (DT the)) (NNS fares)) (PP (IN from) (NP (CD one) (NN way)))) (NNS fares)) (PP (IN from) (NP_NNP Tacoma))) (PP (TO to) (NP_NNP Montreal)))) (PUNC .))
(TOP (SBARQ (WHNP (WDT Which) (NNS flights)) (SQ_VP (VBP serve) (ADJP_JJ breakfast))) (PUNC ?))
(TOP (S_VP (VP* (VP (VP* (VP (VB What) (NP_NN airline)) (CC provides)) (ADVP (ADVP_RB only) (PP (IN connecting) (NP (NP_NNS flights) (PP (IN between) (NP_NNP Denver)))))) (CC and)) (NP (JJ San) (NN Francisco))) (PUNC ?))
(TOP (S_VP (VB List) (NP (NP* (NP (DT all) (NNS flights)) (PP (IN from) (NP_NNP Burbank))) (PP (TO to) (NP_NNP Denver)))) (PUNC .))
(TOP (SQ (VBP Are) (SQ* (NP_NP_EX there) (NP (NP* (NP (DT any) (NNS stopovers)) (PP (IN for) (NP_NNP Delta))) (QP (QP* (QP* (CD one) (CD seven)) (CD three)) (CD nine))))) (PUNC ?))
(TOP (SBARQ (WHADVP_WRB What) (SQ (VBZ is) (SQ* (NP (JJ M) (NN I)) (VP_VB A)))) (PUNC ?))
(TOP (SBARQ (WHNP_WHNP (WDT What) (NNS flights)) (SQ (VBP leave) (SQ* (PP (IN from) (NP_NNP Phoenix)) (PP (TO to) (NP_NNP anywhere))))) (PUNC ?))
(TOP (SBARQ (WHNP_WHNP (WDT What) (NNS flights)) (SQ (VBP are) (SQ* (NP_NP_EX there) (SQ* (PP (IN from) (NP_NNP Houston)) (PP (TO to) (NP_NNP Dallas)))))) (PUNC ?))
(TOP (SBARQ (WHNP_WHNP (WDT What) (NNS flights)) (SQ (VBP are) (SQ* (NP_NP_EX there) (SQ* (PP (IN from) (NP_NNP Memphis)) (PP (TO to) (NP (JJ Las) (NN Vegas))))))) (PUNC ?))
(TOP (SQ (VBP Flights) (SQ* (PP (IN from) (NP_NNP Cleveland)) (PP (TO to) (NP_NNP Miami)))) (PUNC .))
(TOP (FRAG_NP (NP* (NP* (NP_NNS Flights) (PP (IN on) (NP_NNP Sunday))) (PP (IN from) (NP_NNP Tampa))) (PP (TO to) (NP_NNP Charlotte))) (PUNC .))

(TOP (S (S* (S (INTJ_UH Flights) (VP (VBG arriving) (PP (IN in) (NP (NP* (JJS Las) (JJ Vegas)) (PP (IN from) (NP_NNP Memphis)))))) (CC and)) (VP (VBP New) (ADJP (ADJP* (RB York) (RB City)) (PP (IN on) (NP_NNP Sunday))))) (PUNC .))
(TOP (SBARQ (WHNP (WDT Display) (NNS flights)) (SQ_VP (VP* (VBG arriving) (NP (QP (RB within) (CD thirty)) (NNS minutes))) (PP (IN of) (NP (DT each) (JJ other))))) (PUNC .))
(TOP (S_VP (VP* (VB Show) (NP_PRP me)) (NP (DT the) (NN fare))) (PUNC .))
(TOP (FRAG (FRAG* (FRAG* (NP (NNP What) (POS ''s)) (NP (NP* (DT the) (JJS earliest)) (NN flight))) (PP (IN from) (NP_NNP Dallas))) (PP (TO to) (NP_NNP Houston))) (PUNC ?))
(TOP (SBARQ (WHADVP_WRB From) (SQ (VBP Toronto) (SQ* (PP (TO to) (NP_NNP Atlanta)) (PP (IN in) (NP (DT the) (NN afternoon)))))) (PUNC .))
(TOP (FRAG_WHNP (WHNP* (WHNP (WDT What) (NNS flights)) (PP (IN from) (NP (JJ Kansas) (NN City)))) (PP (TO to) (NP_NNP Denver))) (PUNC .))
(TOP (FRAG_WHNP (WHNP* (WHNP (WDT What) (NNS flights)) (PP (IN from) (NP (NP* (JJS Washington) (JJ D)) (NN C)))) (PP (TO to) (NP_NNP Toronto))) (PUNC .))
(TOP (FRAG (X (VBZ Are) (NP_DT any)) (PP (IN of) (NP (NP_DT those) (PP (IN on) (NP (JJ American) (NN Airlines)))))) (PUNC ?))
(TOP (FRAG_WHNP (WHNP* (WHNP* (WHNP (WDT What) (NNS flights)) (PP (IN from) (NP_NNP Montreal))) (PP (TO to) (NP (JJ Las) (NN Vegas)))) (PP (IN on) (NP_NNP Saturday))) (PUNC .))
(TOP (SBARQ (WHADVP_WRB What) (SQ (VBZ is) (NP (DT the) (NN price)))) (PUNC ?))
(TOP (FRAG_NP (JJS On) (NN Thursday)) (PUNC .))
(TOP (SQ (VBP Flights) (SQ* (PP (IN from) (NP_NNP Cleveland)) (PP (TO to) (NP (JJ Kansas) (NN City))))) (PUNC .))
(TOP (S_VP (VP* (VP* (VBP Price) (PP (IN from) (NP_NNP Cleveland))) (PP (TO to) (NP_NNP Kansas))) (NP (NP* (JJS City) (JJ round)) (NN trip))) (PUNC .))
(TOP (SQ (VBP Flights) (SQ* (PP (IN from) (NP_NNP Ontario)) (PP (TO to) (NP_NNP Florida)))) (PUNC .))
(TOP (FRAG_NP (NP* (NP (NP* (JJ First) (NN class)) (NP (NP* (JJ round) (NN trip)) (NN airfare))) (PP (IN from) (NP_NNP Indianapolis))) (PP (TO to) (NP_NNP Memphis))) (PUNC .))
(TOP (SQ (VBP Flights) (SQ* (PP (IN from) (NP_NNP Boston)) (PP (TO to) (NP_NNP Pittsburgh)))) (PUNC .))

(TOP (FRAG_NP (NP* (JJ Restriction) (NN code)) (PP (IN A) (NP (NP* (NP* (JJS P) (JJ slash)) (CD five)) (CD seven)))) (PUNC .))
(TOP (SQ (VBP Flights) (SQ* (PP (IN from) (NP (JJ New) (NN York))) (PP (TO to) (NP_NNP Miami)))) (PUNC .))
(TOP (FRAG_NP (NP_NN Departing) (PP (IN before) (NP (CD ten) (RB a.m)))) (PUNC .))
(TOP (FRAG_NP (JJS Cheapest) (NN fare)) (PUNC .))
(TOP (FRAG_NP (NP_NN Departing) (PP (IN after) (NP (CD six) (RB p.m)))) (PUNC .))
(TOP (FRAG_NP (NP* (JJS Departing) (JJ Wednesday)) (PP (IN after) (NP (CD five) (RB o'clock)))) (PUNC .))
(TOP (S_VP (VP* (VB Show) (NP_PRP me)) (NP (NP* (NN ground) (NN transportation)) (PP (IN in) (NP (JJ Westchester) (NN County))))) (PUNC .))
(TOP (FRAG_NP (NP_NN Newark) (PP (TO to) (NP_NNP Cleveland))) (PUNC .))
(TOP (SBARQ (WHNP (WDT Airline) (NNS T)) (SQ_VP (VBZ W) (ADJP_JJ A))) (PUNC .))
(TOP (FRAG_NP_NN Fares) (PUNC .))
(TOP (S_VP (VP* (VB Show) (NP_PRP me)) (NP (DT the) (NNS fares))) (PUNC .))
(TOP (S_VP (VP* (VB Show) (NP_PRP me)) (NP (NP* (NP* (NP (DT the) (NNS fares)) (PP (IN from) (NP_NNP Dallas))) (PP (TO to) (NP_NNP San))) (NN Francisco))) (PUNC .))
(TOP (S_VP (VP* (VB Show) (NP_PRP me)) (NP (NP* (NP (DT the) (NNS flights)) (PP (IN from) (NP (JJ San) (NN Diego)))) (PP (TO to) (NP (QP (QP* (QP* (RB San) (JJR Francisco)) (IN on)) (CD Southwest)) (RB Airlines))))) (PUNC .))
(TOP (S_VP (VP* (VB Show) (NP_PRP me)) (NP (DT the) (NN restrictions))) (PUNC .))
